{"total": {"lines":{"total":183,"covered":174,"skipped":0,"pct":95.08},"statements":{"total":186,"covered":177,"skipped":0,"pct":95.16},"functions":{"total":22,"covered":22,"skipped":0,"pct":100},"branches":{"total":74,"covered":61,"skipped":0,"pct":82.43}}
,"C:\\Users\\Naus\\WebstormProjects\\sqe-workshop-2018-ex3\\src\\js\\code-analyzer.js": {"lines":{"total":183,"covered":174,"skipped":0,"pct":95.08},"functions":{"total":22,"covered":22,"skipped":0,"pct":100},"statements":{"total":186,"covered":177,"skipped":0,"pct":95.16},"branches":{"total":74,"covered":61,"skipped":0,"pct":82.43}}
}
